2016-11-17 01:31:46 - SELECT did, dname from t_directories where did in(select did from t_dir_user where pid=? and uid=?);
2016-11-17 01:31:49 - SELECT did, dname from t_directories where did in(select did from t_dir_user where pid=? and uid=?);
2016-11-17 01:32:38 - SELECT did, dname from t_directories where did in(select did from t_dir_user where pid=? and uid=?);
2016-11-17 01:32:38 - SELECT did, dname from t_directories where did in(select did from t_dir_user where pid=? and uid=?);
2016-11-17 01:38:14 - SELECT did, dname from t_directories where did in(select did from t_dir_user where pid=? and uid=?);
2016-11-17 01:38:16 - SELECT did, dname from t_directories where did in(select did from t_dir_user where pid=? and uid=?);
2016-11-17 01:38:16 - SELECT did, dname from t_directories where did in(select did from t_dir_user where pid=? and uid=?);
2016-11-17 01:38:17 - SELECT did, dname from t_directories where did in(select did from t_dir_user where pid=? and uid=?);
2016-11-17 01:38:18 - SELECT did, dname from t_directories where did in(select did from t_dir_user where pid=? and uid=?);
2016-11-17 01:38:18 - SELECT did, dname from t_directories where did in(select did from t_dir_user where pid=? and uid=?);
2016-11-17 01:38:18 - SELECT did, dname from t_directories where did in(select did from t_dir_user where pid=? and uid=?);
2016-11-17 01:38:20 - SELECT did, dname from t_directories where did in(select did from t_dir_user where pid=? and uid=?);
2016-11-17 01:38:20 - SELECT did, dname from t_directories where did in(select did from t_dir_user where pid=? and uid=?);
2016-11-17 01:38:20 - SELECT did, dname from t_directories where did in(select did from t_dir_user where pid=? and uid=?);
2016-11-17 01:38:20 - SELECT did, dname from t_directories where did in(select did from t_dir_user where pid=? and uid=?);
2016-11-17 01:38:20 - SELECT did, dname from t_directories where did in(select did from t_dir_user where pid=? and uid=?);
2016-11-17 01:38:20 - SELECT did, dname from t_directories where did in(select did from t_dir_user where pid=? and uid=?);
2016-11-17 01:38:21 - SELECT did, dname from t_directories where did in(select did from t_dir_user where pid=? and uid=?);
2016-11-17 01:38:21 - SELECT did, dname from t_directories where did in(select did from t_dir_user where pid=? and uid=?);
2016-11-17 01:38:21 - SELECT did, dname from t_directories where did in(select did from t_dir_user where pid=? and uid=?);
2016-11-17 01:38:21 - SELECT did, dname from t_directories where did in(select did from t_dir_user where pid=? and uid=?);
2016-11-17 01:38:21 - SELECT did, dname from t_directories where did in(select did from t_dir_user where pid=? and uid=?);
2016-11-17 01:38:22 - SELECT did, dname from t_directories where did in(select did from t_dir_user where pid=? and uid=?);
2016-11-17 01:38:23 - SELECT did, dname from t_directories where did in(select did from t_dir_user where pid=? and uid=?);
2016-11-17 01:38:23 - SELECT did, dname from t_directories where did in(select did from t_dir_user where pid=? and uid=?);
2016-11-17 01:38:23 - SELECT did, dname from t_directories where did in(select did from t_dir_user where pid=? and uid=?);
2016-11-17 01:39:13 - SELECT did, dname from t_directories where did in(select did from t_dir_user where pid=? and uid=?);
2016-11-17 01:39:35 - SELECT did, dname from t_directories where did in(select did from t_dir_user where pid=? and uid=?);
2016-11-17 01:39:35 - SELECT did, dname from t_directories where did in(select did from t_dir_user where pid=? and uid=?);
2016-11-17 01:40:54 - SELECT did, dname from t_directories where did in(select did from t_dir_user where pid=? and uid=?);
2016-11-17 01:40:54 - SELECT did, dname from t_directories where did in(select did from t_dir_user where pid=? and uid=?);
2016-11-17 01:44:39 - SELECT did, dname from t_directories where did in(select did from t_dir_user where pid=? and uid=?);
2016-11-17 01:44:39 - SELECT did, dname from t_directories where did in(select did from t_dir_user where pid=? and uid=?);
2016-11-17 01:45:03 - SELECT did, dname from t_directories where did in(select did from t_dir_user where pid=? and uid=?);
2016-11-17 01:45:03 - SELECT did, dname from t_directories where did in(select did from t_dir_user where pid=? and uid=?);
2016-11-17 01:45:21 - SELECT did, dname from t_directories where did in(select did from t_dir_user where pid=? and uid=?);
2016-11-17 01:45:21 - SELECT did, dname from t_directories where did in(select did from t_dir_user where pid=? and uid=?);
2016-11-17 01:46:04 - SELECT did, dname from t_directories where did in(select did from t_dir_user where pid=? and uid=?);
2016-11-17 01:46:04 - SELECT did, dname from t_directories where did in(select did from t_dir_user where pid=? and uid=?);
2016-11-17 01:48:23 - SELECT did, dname from t_directories where did in(select did from t_dir_user where pid=? and uid=?);
2016-11-17 01:48:23 - SELECT did, dname from t_directories where did in(select did from t_dir_user where pid=? and uid=?);
2016-11-17 02:05:41 - SELECT did, dname from t_directories where did in(select did from t_dir_user where pid=? and uid=?);
2016-11-17 02:07:26 - SELECT did, dname from t_directories where did in(select did from t_dir_user where pid=? and uid=?);
2016-11-17 02:07:26 - SELECT did, dname from t_directories where did in(select did from t_dir_user where pid=? and uid=?);
2016-11-17 02:07:26 - SELECT did, dname from t_directories where did in(select did from t_dir_user where pid=? and uid=?);
2016-11-17 02:07:26 - SELECT did, dname from t_directories where did in(select did from t_dir_user where pid=? and uid=?);
2016-11-17 02:10:26 - SELECT fid, fname from t_files where fid in(SELECT fid from t_file_dir_user where did=? and uid=?);
2016-11-17 02:13:54 - SELECT did, dname from t_directories where did in(select did from t_dir_user where pid=? and uid=?);
2016-11-17 02:13:54 - SELECT fid, fname from t_files where fid in(SELECT fid from t_file_dir_user where did=? and uid=?);
2016-11-17 02:14:27 - SELECT did, dname from t_directories where did in(select did from t_dir_user where pid=? and uid=?);
2016-11-17 02:14:27 - SELECT fname, fsize from t_files where fid in(SELECT fid from t_file_dir_user where did=? and uid=?);
2016-11-17 02:20:17 - SELECT fname, fsize from t_files where fid in(SELECT fid from t_file_dir_user where did=? and uid=?);
2016-11-17 02:20:17 - SELECT did, dname from t_directories where did in(select did from t_dir_user where pid=? and uid=?);
2016-11-17 02:21:56 - SELECT did, dname from t_directories where did in(select did from t_dir_user where pid=? and uid=?);
2016-11-17 02:21:56 - SELECT fname, fsize from t_files where fid in(SELECT fid from t_file_dir_user where did=? and uid=?);
2016-11-17 02:22:43 - SELECT fname, fsize from t_files where fid in(SELECT fid from t_file_dir_user where did=? and uid=?);
2016-11-17 02:22:43 - SELECT did, dname from t_directories where did in(select did from t_dir_user where pid=? and uid=?);
2016-11-17 02:23:44 - SELECT did, dname from t_directories where did in(select did from t_dir_user where pid=? and uid=?);
2016-11-17 02:23:44 - SELECT fname, fsize from t_files where fid in(SELECT fid from t_file_dir_user where did=? and uid=?);
2016-11-17 02:25:49 - SELECT fname, fsize from t_files where fid in(SELECT fid from t_file_dir_user where did=? and uid=?);
2016-11-17 02:25:49 - SELECT did, dname from t_directories where did in(select did from t_dir_user where pid=? and uid=?);
2016-11-17 02:25:52 - SELECT did, dname from t_directories where did in(select did from t_dir_user where pid=? and uid=?);
2016-11-17 02:25:52 - SELECT fname, fsize from t_files where fid in(SELECT fid from t_file_dir_user where did=? and uid=?);
2016-11-17 02:25:53 - SELECT did, dname from t_directories where did in(select did from t_dir_user where pid=? and uid=?);
2016-11-17 02:25:53 - SELECT fname, fsize from t_files where fid in(SELECT fid from t_file_dir_user where did=? and uid=?);
2016-11-17 02:25:54 - SELECT fname, fsize from t_files where fid in(SELECT fid from t_file_dir_user where did=? and uid=?);
2016-11-17 02:25:54 - SELECT did, dname from t_directories where did in(select did from t_dir_user where pid=? and uid=?);
2016-11-17 02:25:56 - SELECT did, dname from t_directories where did in(select did from t_dir_user where pid=? and uid=?);
2016-11-17 02:25:56 - SELECT fname, fsize from t_files where fid in(SELECT fid from t_file_dir_user where did=? and uid=?);
2016-11-17 02:25:58 - SELECT did, dname from t_directories where did in(select did from t_dir_user where pid=? and uid=?);
2016-11-17 02:25:58 - SELECT fname, fsize from t_files where fid in(SELECT fid from t_file_dir_user where did=? and uid=?);
2016-11-17 02:26:49 - SELECT did, dname from t_directories where did in(select did from t_dir_user where pid=? and uid=?);
2016-11-17 02:26:49 - SELECT fname, fsize from t_files where fid in(SELECT fid from t_file_dir_user where did=? and uid=?);
2016-11-17 02:27:01 - SELECT did, dname from t_directories where did in(select did from t_dir_user where pid=? and uid=?);
2016-11-17 02:27:01 - SELECT fname, fsize from t_files where fid in(SELECT fid from t_file_dir_user where did=? and uid=?);
2016-11-17 02:41:24 - SELECT did, dname from t_directories where did in(select did from t_dir_user where pid=? and uid=?);
2016-11-17 02:41:24 - SELECT fname, fsize from t_files where fid in(SELECT fid from t_file_dir_user where did=? and uid=?);
2016-11-17 02:41:27 - SELECT did, dname from t_directories where did in(select did from t_dir_user where pid=? and uid=?);
2016-11-17 02:41:27 - SELECT fname, fsize from t_files where fid in(SELECT fid from t_file_dir_user where did=? and uid=?);
2016-11-17 02:42:11 - SELECT did, dname from t_directories where did in(select did from t_dir_user where pid=? and uid=?);
2016-11-17 02:42:11 - SELECT fname, fsize from t_files where fid in(SELECT fid from t_file_dir_user where did=? and uid=?);
2016-11-17 02:42:12 - SELECT did, dname from t_directories where did in(select did from t_dir_user where pid=? and uid=?);
2016-11-17 02:42:12 - SELECT fname, fsize from t_files where fid in(SELECT fid from t_file_dir_user where did=? and uid=?);
2016-11-17 02:42:13 - SELECT fname, fsize from t_files where fid in(SELECT fid from t_file_dir_user where did=? and uid=?);
2016-11-17 02:42:13 - SELECT did, dname from t_directories where did in(select did from t_dir_user where pid=? and uid=?);
2016-11-17 02:42:13 - SELECT fname, fsize from t_files where fid in(SELECT fid from t_file_dir_user where did=? and uid=?);
2016-11-17 02:42:13 - SELECT did, dname from t_directories where did in(select did from t_dir_user where pid=? and uid=?);
2016-11-17 02:42:13 - SELECT fname, fsize from t_files where fid in(SELECT fid from t_file_dir_user where did=? and uid=?);
2016-11-17 02:42:13 - SELECT did, dname from t_directories where did in(select did from t_dir_user where pid=? and uid=?);
2016-11-17 02:42:13 - SELECT did, dname from t_directories where did in(select did from t_dir_user where pid=? and uid=?);
2016-11-17 02:42:13 - SELECT fname, fsize from t_files where fid in(SELECT fid from t_file_dir_user where did=? and uid=?);
2016-11-17 02:42:13 - SELECT fname, fsize from t_files where fid in(SELECT fid from t_file_dir_user where did=? and uid=?);
2016-11-17 02:42:13 - SELECT did, dname from t_directories where did in(select did from t_dir_user where pid=? and uid=?);
2016-11-17 02:42:13 - SELECT did, dname from t_directories where did in(select did from t_dir_user where pid=? and uid=?);
2016-11-17 02:42:13 - SELECT fname, fsize from t_files where fid in(SELECT fid from t_file_dir_user where did=? and uid=?);
2016-11-17 02:42:14 - SELECT fname, fsize from t_files where fid in(SELECT fid from t_file_dir_user where did=? and uid=?);
2016-11-17 02:42:14 - SELECT did, dname from t_directories where did in(select did from t_dir_user where pid=? and uid=?);
2016-11-17 02:42:14 - SELECT fname, fsize from t_files where fid in(SELECT fid from t_file_dir_user where did=? and uid=?);
2016-11-17 02:42:14 - SELECT did, dname from t_directories where did in(select did from t_dir_user where pid=? and uid=?);
2016-11-17 02:42:14 - SELECT did, dname from t_directories where did in(select did from t_dir_user where pid=? and uid=?);
2016-11-17 02:42:14 - SELECT fname, fsize from t_files where fid in(SELECT fid from t_file_dir_user where did=? and uid=?);
2016-11-17 02:42:14 - SELECT did, dname from t_directories where did in(select did from t_dir_user where pid=? and uid=?);
2016-11-17 02:42:14 - SELECT fname, fsize from t_files where fid in(SELECT fid from t_file_dir_user where did=? and uid=?);
2016-11-17 02:44:18 - SELECT did, dname from t_directories where did in(select did from t_dir_user where pid=? and uid=?);
2016-11-17 02:44:18 - SELECT fname, fsize from t_files where fid in(SELECT fid from t_file_dir_user where did=? and uid=?);
2016-11-17 02:45:24 - SELECT did, dname from t_directories where did in(select did from t_dir_user where pid=? and uid=?);
2016-11-17 02:45:24 - SELECT fname, fsize from t_files where fid in(SELECT fid from t_file_dir_user where did=? and uid=?);
2016-11-17 02:46:07 - SELECT did, dname from t_directories where did in(select did from t_dir_user where pid=? and uid=?);
2016-11-17 02:46:07 - SELECT fname, fsize from t_files where fid in(SELECT fid from t_file_dir_user where did=? and uid=?);
2016-11-17 02:46:40 - SELECT did, dname from t_directories where did in(select did from t_dir_user where pid=? and uid=?);
2016-11-17 02:46:40 - SELECT fname, fsize from t_files where fid in(SELECT fid from t_file_dir_user where did=? and uid=?);
2016-11-17 02:47:58 - SELECT did, dname from t_directories where did in(select did from t_dir_user where pid=? and uid=?);
2016-11-17 02:47:58 - SELECT fname, fsize from t_files where fid in(SELECT fid from t_file_dir_user where did=? and uid=?);
2016-11-17 02:50:47 - SELECT did, dname from t_directories where did in(select did from t_dir_user where pid=? and uid=?);
2016-11-17 02:50:47 - SELECT fname, fsize from t_files where fid in(SELECT fid from t_file_dir_user where did=? and uid=?);
2016-11-17 02:50:50 - SELECT fname, fsize from t_files where fid in(SELECT fid from t_file_dir_user where did=? and uid=?);
2016-11-17 02:50:50 - SELECT did, dname from t_directories where did in(select did from t_dir_user where pid=? and uid=?);
2016-11-17 02:50:51 - SELECT did, dname from t_directories where did in(select did from t_dir_user where pid=? and uid=?);
2016-11-17 02:50:51 - SELECT fname, fsize from t_files where fid in(SELECT fid from t_file_dir_user where did=? and uid=?);
2016-11-17 02:51:04 - SELECT fname, fsize from t_files where fid in(SELECT fid from t_file_dir_user where did=? and uid=?);
2016-11-17 02:51:04 - SELECT did, dname from t_directories where did in(select did from t_dir_user where pid=? and uid=?);
2016-11-17 02:51:11 - SELECT did, dname from t_directories where did in(select did from t_dir_user where pid=? and uid=?);
2016-11-17 02:51:11 - SELECT fname, fsize from t_files where fid in(SELECT fid from t_file_dir_user where did=? and uid=?);
2016-11-17 02:51:22 - SELECT did, dname from t_directories where did in(select did from t_dir_user where pid=? and uid=?);
2016-11-17 02:51:22 - SELECT fname, fsize from t_files where fid in(SELECT fid from t_file_dir_user where did=? and uid=?);
2016-11-17 02:51:23 - SELECT did, dname from t_directories where did in(select did from t_dir_user where pid=? and uid=?);
2016-11-17 02:51:23 - SELECT fname, fsize from t_files where fid in(SELECT fid from t_file_dir_user where did=? and uid=?);
2016-11-17 02:51:25 - SELECT did, dname from t_directories where did in(select did from t_dir_user where pid=? and uid=?);
2016-11-17 02:51:25 - SELECT fname, fsize from t_files where fid in(SELECT fid from t_file_dir_user where did=? and uid=?);
2016-11-17 02:51:26 - SELECT did, dname from t_directories where did in(select did from t_dir_user where pid=? and uid=?);
2016-11-17 02:51:26 - SELECT fname, fsize from t_files where fid in(SELECT fid from t_file_dir_user where did=? and uid=?);
2016-11-17 02:51:28 - SELECT did, dname from t_directories where did in(select did from t_dir_user where pid=? and uid=?);
2016-11-17 02:51:28 - SELECT fname, fsize from t_files where fid in(SELECT fid from t_file_dir_user where did=? and uid=?);
2016-11-17 02:51:38 - SELECT fname, fsize from t_files where fid in(SELECT fid from t_file_dir_user where did=? and uid=?);
2016-11-17 02:51:38 - SELECT did, dname from t_directories where did in(select did from t_dir_user where pid=? and uid=?);
2016-11-17 02:51:47 - SELECT fname, fsize from t_files where fid in(SELECT fid from t_file_dir_user where did=? and uid=?);
2016-11-17 02:51:47 - SELECT did, dname from t_directories where did in(select did from t_dir_user where pid=? and uid=?);
2016-11-17 02:52:10 - SELECT did, dname from t_directories where did in(select did from t_dir_user where pid=? and uid=?);
2016-11-17 02:52:10 - SELECT fname, fsize from t_files where fid in(SELECT fid from t_file_dir_user where did=? and uid=?);
2016-11-17 03:13:35 - SELECT did, dname from t_directories where did in(select did from t_dir_user where pid=? and uid=?);
2016-11-17 03:13:45 - SELECT did, dname from t_directories where did in(select did from t_dir_user where pid=? and uid=?);
2016-11-17 03:20:36 - SELECT did, dname from t_directories where did in(select did from t_dir_user where pid=? and uid=?);
2016-11-17 03:21:47 - SELECT did, dname from t_directories where did in(select did from t_dir_user where pid=? and uid=?);
2016-11-17 03:42:08 - SELECT did, dname from t_directories where did in(select did from t_dir_user where pid=? and uid=?);
2016-11-17 03:42:08 - SELECT fname, fsize from t_files where fid in(SELECT fid from t_file_dir_user where did=? and uid=?);
2016-11-17 03:42:39 - SELECT did, dname from t_directories where did in(select did from t_dir_user where pid=? and uid=?);
2016-11-17 03:42:39 - SELECT fname, fsize from t_files where fid in(SELECT fid from t_file_dir_user where did=? and uid=?);
2016-11-17 03:44:42 - SELECT fname, fsize from t_files where fid in(SELECT fid from t_file_dir_user where did=? and uid=?);
2016-11-17 03:44:45 - SELECT did, dname from t_directories where did in(select did from t_dir_user where pid=? and uid=?);
2016-11-17 03:44:45 - SELECT fname, fsize from t_files where fid in(SELECT fid from t_file_dir_user where did=? and uid=?);
2016-11-17 03:44:47 - SELECT did, dname from t_directories where did in(select did from t_dir_user where pid=? and uid=?);
2016-11-17 03:44:47 - SELECT fname, fsize from t_files where fid in(SELECT fid from t_file_dir_user where did=? and uid=?);
2016-11-17 03:44:49 - SELECT did, dname from t_directories where did in(select did from t_dir_user where pid=? and uid=?);
2016-11-17 03:44:49 - SELECT fname, fsize from t_files where fid in(SELECT fid from t_file_dir_user where did=? and uid=?);
2016-11-17 03:44:51 - SELECT did, dname from t_directories where did in(select did from t_dir_user where pid=? and uid=?);
2016-11-17 03:44:51 - SELECT fname, fsize from t_files where fid in(SELECT fid from t_file_dir_user where did=? and uid=?);
2016-11-17 03:46:47 - SELECT did, dname from t_directories where did in(select did from t_dir_user where pid=? and uid=?);
2016-11-17 03:46:47 - SELECT fname, fsize from t_files where fid in(SELECT fid from t_file_dir_user where did=? and uid=?);
2016-11-17 03:46:49 - SELECT did, dname from t_directories where did in(select did from t_dir_user where pid=? and uid=?);
2016-11-17 03:46:49 - SELECT fname, fsize from t_files where fid in(SELECT fid from t_file_dir_user where did=? and uid=?);
2016-11-17 03:46:51 - SELECT did, dname from t_directories where did in(select did from t_dir_user where pid=? and uid=?);
2016-11-17 03:46:51 - SELECT fname, fsize from t_files where fid in(SELECT fid from t_file_dir_user where did=? and uid=?);
2016-11-17 03:46:52 - SELECT fname, fsize from t_files where fid in(SELECT fid from t_file_dir_user where did=? and uid=?);
2016-11-17 03:46:54 - SELECT did, dname from t_directories where did in(select did from t_dir_user where pid=? and uid=?);
2016-11-17 03:46:54 - SELECT fname, fsize from t_files where fid in(SELECT fid from t_file_dir_user where did=? and uid=?);
2016-11-17 03:46:59 - SELECT did, dname from t_directories where did in(select did from t_dir_user where pid=? and uid=?);
2016-11-17 03:46:59 - SELECT fname, fsize from t_files where fid in(SELECT fid from t_file_dir_user where did=? and uid=?);
2016-11-17 03:47:25 - SELECT did, dname from t_directories where did in(select did from t_dir_user where pid=? and uid=?);
2016-11-17 03:47:25 - SELECT fname, fsize from t_files where fid in(SELECT fid from t_file_dir_user where did=? and uid=?);
2016-11-17 03:48:57 - SELECT did, dname from t_directories where did in(select did from t_dir_user where pid=? and uid=?);
2016-11-17 03:48:57 - SELECT fname, fsize from t_files where fid in(SELECT fid from t_file_dir_user where did=? and uid=?);
2016-11-17 03:56:42 - SELECT fname, fsize from t_files where fid in(SELECT fid from t_file_dir_user where did=? and uid=?);
2016-11-17 03:56:42 - SELECT did, dname from t_directories where did in(select did from t_dir_user where pid=? and uid=?);
2016-11-17 03:56:51 - Exception: SQLSTATE[42S02]: Base table or view not found: 1146 Table 'cloudpan.t_file' doesn't exist

2016-11-17 03:57:04 - Exception: SQLSTATE[42S02]: Base table or view not found: 1146 Table 'cloudpan.t_file' doesn't exist

2016-11-17 04:06:11 - SELECT did, dname from t_directories where did in(select did from t_dir_user where pid=? and uid=?);
2016-11-17 04:07:25 - SELECT did, dname from t_directories where did in(select did from t_dir_user where pid=? and uid=?);
2016-11-17 04:07:25 - SELECT fname, fsize from t_files where fid in(SELECT fid from t_file_dir_user where did=? and uid=?);
2016-11-17 04:07:31 - Exception: SQLSTATE[42S02]: Base table or view not found: 1146 Table 'cloudpan.t_file' doesn't exist

2016-11-17 04:08:45 - Exception: SQLSTATE[42S02]: Base table or view not found: 1146 Table 'cloudpan.t_file' doesn't exist

2016-11-17 04:10:04 - SELECT fname, fsize from t_files where fid in(SELECT fid from t_file_dir_user where did=? and uid=?);
2016-11-17 04:10:04 - SELECT did, dname from t_directories where did in(select did from t_dir_user where pid=? and uid=?);
2016-11-17 04:10:28 - Exception: SQLSTATE[42S02]: Base table or view not found: 1146 Table 'cloudpan.t_file' doesn't exist

2016-11-17 04:45:16 - insert into t_files(fname, fsize) values(?, ?);
2016-11-17 04:45:16 - insert into t_files(fid, did, uid) values(?, ?, ?)
2016-11-17 04:47:20 - SELECT fname, fsize from t_files where fid in(SELECT fid from t_file_dir_user where did=? and uid=?);
2016-11-17 04:47:20 - SELECT did, dname from t_directories where did in(select did from t_dir_user where pid=? and uid=?);
2016-11-17 04:47:25 - insert into t_files(fname, fsize) values(?, ?);
2016-11-17 04:47:25 - insert into t_file_dir_users(fid, did, uid) values(?, ?, ?)
2016-11-17 04:47:25 - SQLSTATE[42S02]: Base table or view not found: 1146 Table 'cloudpan.t_file_dir_users' doesn't exist
2016-11-17 04:47:53 - SELECT did, dname from t_directories where did in(select did from t_dir_user where pid=? and uid=?);
2016-11-17 04:47:53 - SELECT fname, fsize from t_files where fid in(SELECT fid from t_file_dir_user where did=? and uid=?);
2016-11-17 04:47:58 - insert into t_files(fname, fsize) values(?, ?);
2016-11-17 04:47:58 - insert into t_file_dir_user(fid, did, uid) values(?, ?, ?)
2016-11-17 04:47:58 - SQLSTATE[23000]: Integrity constraint violation: 1452 Cannot add or update a child row: a foreign key constraint fails (`cloudpan`.`t_file_dir_user`, CONSTRAINT `t_file_dir_user_ibfk_2` FOREIGN KEY (`did`) REFERENCES `t_directories` (`did`))
2016-11-17 04:50:46 - SELECT did, dname from t_directories where did in(select did from t_dir_user where pid=? and uid=?);
2016-11-17 04:50:46 - SELECT fname, fsize from t_files where fid in(SELECT fid from t_file_dir_user where did=? and uid=?);
2016-11-17 04:50:51 - insert into t_files(fname, fsize) values(?, ?);
2016-11-17 04:50:51 - Array
2016-11-17 04:50:51 - insert into t_file_dir_user(fid, did, uid) values(?, ?, ?)
2016-11-17 04:50:51 - SQLSTATE[23000]: Integrity constraint violation: 1452 Cannot add or update a child row: a foreign key constraint fails (`cloudpan`.`t_file_dir_user`, CONSTRAINT `t_file_dir_user_ibfk_2` FOREIGN KEY (`did`) REFERENCES `t_directories` (`did`))
2016-11-17 04:52:01 - insert into t_files(fname, fsize) values(?, ?);
2016-11-17 04:52:01 - Array
2016-11-17 04:52:01 - insert into t_file_dir_user(fid, did, uid) values(?, ?, ?)
2016-11-17 04:52:01 - SQLSTATE[23000]: Integrity constraint violation: 1452 Cannot add or update a child row: a foreign key constraint fails (`cloudpan`.`t_file_dir_user`, CONSTRAINT `t_file_dir_user_ibfk_2` FOREIGN KEY (`did`) REFERENCES `t_directories` (`did`))
2016-11-17 04:54:24 - SELECT did, dname from t_directories where did in(select did from t_dir_user where pid=? and uid=?);
2016-11-17 04:54:24 - SELECT fname, fsize from t_files where fid in(SELECT fid from t_file_dir_user where did=? and uid=?);
2016-11-17 04:54:28 - insert into t_files(fname, fsize) values(?, ?);
2016-11-17 04:54:28 - 
2016-11-17 04:54:28 - insert into t_file_dir_user(fid, did, uid) values(?, ?, ?)
2016-11-17 04:54:28 - SQLSTATE[23000]: Integrity constraint violation: 1452 Cannot add or update a child row: a foreign key constraint fails (`cloudpan`.`t_file_dir_user`, CONSTRAINT `t_file_dir_user_ibfk_2` FOREIGN KEY (`did`) REFERENCES `t_directories` (`did`))
2016-11-17 04:56:21 - SELECT did, dname from t_directories where did in(select did from t_dir_user where pid=? and uid=?);
2016-11-17 04:56:21 - SELECT fname, fsize from t_files where fid in(SELECT fid from t_file_dir_user where did=? and uid=?);
2016-11-17 04:56:25 - insert into t_files(fname, fsize) values(?, ?);
2016-11-17 04:56:25 - 
2016-11-17 04:56:25 - insert into t_file_dir_user(fid, did, uid) values(?, ?, ?)
2016-11-17 04:56:25 - SQLSTATE[23000]: Integrity constraint violation: 1452 Cannot add or update a child row: a foreign key constraint fails (`cloudpan`.`t_file_dir_user`, CONSTRAINT `t_file_dir_user_ibfk_2` FOREIGN KEY (`did`) REFERENCES `t_directories` (`did`))
2016-11-17 04:58:57 - SELECT did, dname from t_directories where did in(select did from t_dir_user where pid=? and uid=?);
2016-11-17 04:58:57 - SELECT fname, fsize from t_files where fid in(SELECT fid from t_file_dir_user where did=? and uid=?);
2016-11-17 05:00:12 - SELECT fname, fsize from t_files where fid in(SELECT fid from t_file_dir_user where did=? and uid=?);
2016-11-17 05:00:12 - SELECT did, dname from t_directories where did in(select did from t_dir_user where pid=? and uid=?);
2016-11-17 05:00:19 - insert into t_files(fname, fsize) values(?, ?);
2016-11-17 05:00:19 - insert into t_file_dir_user(fid, did, uid) values(?, ?, ?)
2016-11-17 05:02:57 - insert into t_files(fname, fsize) values(?, ?);
2016-11-17 05:02:57 - insert into t_file_dir_user(fid, did, uid) values(?, ?, ?)
